<?xml version="1.0" encoding="UTF-8"?>
<testsuite xmlns:xsi="http://www.w3.org/2001/XMLSchema-instance" xsi:noNamespaceSchemaLocation="https://maven.apache.org/surefire/maven-surefire-plugin/xsd/surefire-test-report-3.0.xsd" version="3.0" name="dev.danvega.danson.GatewayServiceApplicationTests" time="10.726" tests="1" errors="0" skipped="0" failures="0">
  <properties>
[...]
</properties>
  <testcase name="contextLoads" classname="dev.danvega.danson.GatewayServiceApplicationTests" time="1.439">
    <system-out><![CDATA[12:11:24.086 [main] INFO org.springframework.test.context.support.AnnotationConfigContextLoaderUtils -- Could not detect default configuration classes for test class [dev.danvega.danson.GatewayServiceApplicationTests]: GatewayServiceApplicationTests does not declare any static, non-private, non-final, nested classes annotated with @Configuration.
12:11:24.379 [main] INFO org.springframework.boot.test.context.SpringBootTestContextBootstrapper -- Found @SpringBootConfiguration dev.danvega.danson.GatewayApplication for test class dev.danvega.danson.GatewayServiceApplicationTests

  .   ____          _            __ _ _
 /\\ / ___'_ __ _ _(_)_ __  __ _ \ \ \ \
( ( )\___ | '_ | '_| | '_ \/ _` | \ \ \ \
 \\/  ___)| |_)| | | | | || (_| |  ) ) ) )
  '  |____| .__|_| |_|_| |_\__, | / / / /
 =========|_|==============|___/=/_/_/_/
 :: Spring Boot ::             (v3.2.0-M3)

2024-05-20T12:11:26.355+01:00  INFO 43038 --- [           main] d.d.d.GatewayServiceApplicationTests     : Starting GatewayServiceApplicationTests using Java 17.0.10 with PID 43038 (started by raulpereira in /mnt/c/Users/raulj/gateway-service-main)
2024-05-20T12:11:26.357+01:00  INFO 43038 --- [           main] d.d.d.GatewayServiceApplicationTests     : No active profile set, falling back to 1 default profile: "default"
2024-05-20T12:11:28.519+01:00  INFO 43038 --- [           main] o.s.cloud.context.scope.GenericScope     : BeanFactory id=22662a99-cb87-3189-9053-ee3c987ee09d
2024-05-20T12:11:30.264+01:00  INFO 43038 --- [           main] o.s.cloud.commons.util.InetUtils         : Cannot determine local hostname
2024-05-20T12:11:31.152+01:00  INFO 43038 --- [           main] o.s.c.g.r.RouteDefinitionRouteLocator    : Loaded RoutePredicateFactory [After]
2024-05-20T12:11:31.152+01:00  INFO 43038 --- [           main] o.s.c.g.r.RouteDefinitionRouteLocator    : Loaded RoutePredicateFactory [Before]
2024-05-20T12:11:31.152+01:00  INFO 43038 --- [           main] o.s.c.g.r.RouteDefinitionRouteLocator    : Loaded RoutePredicateFactory [Between]
2024-05-20T12:11:31.152+01:00  INFO 43038 --- [           main] o.s.c.g.r.RouteDefinitionRouteLocator    : Loaded RoutePredicateFactory [Cookie]
2024-05-20T12:11:31.152+01:00  INFO 43038 --- [           main] o.s.c.g.r.RouteDefinitionRouteLocator    : Loaded RoutePredicateFactory [Header]
2024-05-20T12:11:31.152+01:00  INFO 43038 --- [           main] o.s.c.g.r.RouteDefinitionRouteLocator    : Loaded RoutePredicateFactory [Host]
2024-05-20T12:11:31.152+01:00  INFO 43038 --- [           main] o.s.c.g.r.RouteDefinitionRouteLocator    : Loaded RoutePredicateFactory [Method]
2024-05-20T12:11:31.152+01:00  INFO 43038 --- [           main] o.s.c.g.r.RouteDefinitionRouteLocator    : Loaded RoutePredicateFactory [Path]
2024-05-20T12:11:31.152+01:00  INFO 43038 --- [           main] o.s.c.g.r.RouteDefinitionRouteLocator    : Loaded RoutePredicateFactory [Query]
2024-05-20T12:11:31.152+01:00  INFO 43038 --- [           main] o.s.c.g.r.RouteDefinitionRouteLocator    : Loaded RoutePredicateFactory [ReadBody]
2024-05-20T12:11:31.152+01:00  INFO 43038 --- [           main] o.s.c.g.r.RouteDefinitionRouteLocator    : Loaded RoutePredicateFactory [RemoteAddr]
2024-05-20T12:11:31.152+01:00  INFO 43038 --- [           main] o.s.c.g.r.RouteDefinitionRouteLocator    : Loaded RoutePredicateFactory [XForwardedRemoteAddr]
2024-05-20T12:11:31.152+01:00  INFO 43038 --- [           main] o.s.c.g.r.RouteDefinitionRouteLocator    : Loaded RoutePredicateFactory [Weight]
2024-05-20T12:11:31.152+01:00  INFO 43038 --- [           main] o.s.c.g.r.RouteDefinitionRouteLocator    : Loaded RoutePredicateFactory [CloudFoundryRouteService]
2024-05-20T12:11:32.411+01:00  INFO 43038 --- [           main] o.s.cloud.commons.util.InetUtils         : Cannot determine local hostname
2024-05-20T12:11:32.557+01:00  INFO 43038 --- [           main] o.s.b.a.e.web.EndpointLinksResolver      : Exposing 16 endpoint(s) beneath base path '/actuator'
2024-05-20T12:11:32.974+01:00  INFO 43038 --- [           main] d.d.d.GatewayServiceApplicationTests     : Started GatewayServiceApplicationTests in 8.216 seconds (process running for 10.019)
]]></system-out>
  </testcase>
</testsuite>